# JRE version: OpenJDK Runtime Environment (8.0) (build 1.8.0-25-microsoft-b00)
# Java VM: OpenJDK 64-Bit Server VM (25.71-b00 mixed mode windows-amd64 compressed oops)
Heap:
 PSYoungGen      total 37888K, used 19231K [0x000000076bd00000, 0x0000000770000000, 0x00000007c0000000)
  eden space 13312K, 3% used [0x000000076bd00000,0x000000076bd851b8,0x000000076ca00000)
  from space 24576K, 76% used [0x000000076e400000,0x000000076f642dd8,0x000000076fc00000)
  to   space 26624K, 0% used [0x000000076ca00000,0x000000076ca00000,0x000000076e400000)
 ParOldGen       total 29184K, used 18160K [0x00000006c3600000, 0x00000006c5280000, 0x000000076bd00000)
  object space 29184K, 62% used [0x00000006c3600000,0x00000006c47bc2d0,0x00000006c5280000)
 Metaspace       used 10318K, capacity 10676K, committed 10880K, reserved 1058816K
  class space    used 1041K, capacity 1072K, committed 1152K, reserved 1048576K
GC Heap History (10 events):
Event: 1.750 GC heap before
{Heap before GC invocations=16 (full 2):
 PSYoungGen      total 30208K, used 26983K [0x000000076bd00000, 0x000000076ee00000, 0x00000007c0000000)
  eden space 14848K, 100% used [0x000000076bd00000,0x000000076cb80000,0x000000076cb80000)
  from space 15360K, 79% used [0x000000076cb80000,0x000000076d759f70,0x000000076da80000)
  to   space 16896K, 0% used [0x000000076dd80000,0x000000076dd80000,0x000000076ee00000)
 ParOldGen       total 29184K, used 18120K [0x00000006c3600000, 0x00000006c5280000, 0x000000076bd00000)
  object space 29184K, 62% used [0x00000006c3600000,0x00000006c47b22d0,0x00000006c5280000)
 Metaspace       used 9892K, capacity 10260K, committed 10624K, reserved 1058816K
  class space    used 1001K, capacity 1040K, committed 1152K, reserved 1048576K
Event: 1.756 GC heap after
Heap after GC invocations=16 (full 2):
 PSYoungGen      total 31744K, used 13744K [0x000000076bd00000, 0x000000076f100000, 0x00000007c0000000)
  eden space 14848K, 0% used [0x000000076bd00000,0x000000076bd00000,0x000000076cb80000)
  from space 16896K, 81% used [0x000000076dd80000,0x000000076eaec090,0x000000076ee00000)
  to   space 18432K, 0% used [0x000000076cb80000,0x000000076cb80000,0x000000076dd80000)
 ParOldGen       total 29184K, used 18128K [0x00000006c3600000, 0x00000006c5280000, 0x000000076bd00000)
  object space 29184K, 62% used [0x00000006c3600000,0x00000006c47b42d0,0x00000006c5280000)
 Metaspace       used 9892K, capacity 10260K, committed 10624K, reserved 1058816K
  class space    used 1001K, capacity 1040K, committed 1152K, reserved 1048576K
}
Event: 1.957 GC heap before
{Heap before GC invocations=17 (full 2):
 PSYoungGen      total 31744K, used 28592K [0x000000076bd00000, 0x000000076f100000, 0x00000007c0000000)
  eden space 14848K, 100% used [0x000000076bd00000,0x000000076cb80000,0x000000076cb80000)
  from space 16896K, 81% used [0x000000076dd80000,0x000000076eaec090,0x000000076ee00000)
  to   space 18432K, 0% used [0x000000076cb80000,0x000000076cb80000,0x000000076dd80000)
 ParOldGen       total 29184K, used 18128K [0x00000006c3600000, 0x00000006c5280000, 0x000000076bd00000)
  object space 29184K, 62% used [0x00000006c3600000,0x00000006c47b42d0,0x00000006c5280000)
 Metaspace       used 9971K, capacity 10388K, committed 10624K, reserved 1058816K
  class space    used 1001K, capacity 1040K, committed 1152K, reserved 1048576K
Event: 1.965 GC heap after
Heap after GC invocations=17 (full 2):
 PSYoungGen      total 33280K, used 15211K [0x000000076bd00000, 0x000000076f500000, 0x00000007c0000000)
  eden space 14848K, 0% used [0x000000076bd00000,0x000000076bd00000,0x000000076cb80000)
  from space 18432K, 82% used [0x000000076cb80000,0x000000076da5ae70,0x000000076dd80000)
  to   space 20480K, 0% used [0x000000076e100000,0x000000076e100000,0x000000076f500000)
 ParOldGen       total 29184K, used 18136K [0x00000006c3600000, 0x00000006c5280000, 0x000000076bd00000)
  object space 29184K, 62% used [0x00000006c3600000,0x00000006c47b62d0,0x00000006c5280000)
 Metaspace       used 9971K, capacity 10388K, committed 10624K, reserved 1058816K
  class space    used 1001K, capacity 1040K, committed 1152K, reserved 1048576K
}
Event: 2.164 GC heap before
{Heap before GC invocations=18 (full 2):
 PSYoungGen      total 33280K, used 30059K [0x000000076bd00000, 0x000000076f500000, 0x00000007c0000000)
  eden space 14848K, 100% used [0x000000076bd00000,0x000000076cb80000,0x000000076cb80000)
  from space 18432K, 82% used [0x000000076cb80000,0x000000076da5ae70,0x000000076dd80000)
  to   space 20480K, 0% used [0x000000076e100000,0x000000076e100000,0x000000076f500000)
 ParOldGen       total 29184K, used 18136K [0x00000006c3600000, 0x00000006c5280000, 0x000000076bd00000)
  object space 29184K, 62% used [0x00000006c3600000,0x00000006c47b62d0,0x00000006c5280000)
 Metaspace       used 10054K, capacity 10452K, committed 10624K, reserved 1058816K
  class space    used 1001K, capacity 1040K, committed 1152K, reserved 1048576K
Event: 2.171 GC heap after
Heap after GC invocations=18 (full 2):
 PSYoungGen      total 34816K, used 16492K [0x000000076bd00000, 0x000000076f900000, 0x00000007c0000000)
  eden space 14336K, 0% used [0x000000076bd00000,0x000000076bd00000,0x000000076cb00000)
  from space 20480K, 80% used [0x000000076e100000,0x000000076f11b238,0x000000076f500000)
  to   space 22528K, 0% used [0x000000076cb00000,0x000000076cb00000,0x000000076e100000)
 ParOldGen       total 29184K, used 18144K [0x00000006c3600000, 0x00000006c5280000, 0x000000076bd00000)
  object space 29184K, 62% used [0x00000006c3600000,0x00000006c47b82d0,0x00000006c5280000)
 Metaspace       used 10054K, capacity 10452K, committed 10624K, reserved 1058816K
  class space    used 1001K, capacity 1040K, committed 1152K, reserved 1048576K
}
Event: 2.341 GC heap before
{Heap before GC invocations=19 (full 2):
 PSYoungGen      total 34816K, used 30828K [0x000000076bd00000, 0x000000076f900000, 0x00000007c0000000)
  eden space 14336K, 100% used [0x000000076bd00000,0x000000076cb00000,0x000000076cb00000)
  from space 20480K, 80% used [0x000000076e100000,0x000000076f11b238,0x000000076f500000)
  to   space 22528K, 0% used [0x000000076cb00000,0x000000076cb00000,0x000000076e100000)
 ParOldGen       total 29184K, used 18144K [0x00000006c3600000, 0x00000006c5280000, 0x000000076bd00000)
  object space 29184K, 62% used [0x00000006c3600000,0x00000006c47b82d0,0x00000006c5280000)
 Metaspace       used 10065K, capacity 10452K, committed 10624K, reserved 1058816K
  class space    used 1001K, capacity 1040K, committed 1152K, reserved 1048576K
Event: 2.347 GC heap after
Heap after GC invocations=19 (full 2):
 PSYoungGen      total 36864K, used 17537K [0x000000076bd00000, 0x000000076fc00000, 0x00000007c0000000)
  eden space 14336K, 0% used [0x000000076bd00000,0x000000076bd00000,0x000000076cb00000)
  from space 22528K, 77% used [0x000000076cb00000,0x000000076dc20698,0x000000076e100000)
  to   space 24576K, 0% used [0x000000076e400000,0x000000076e400000,0x000000076fc00000)
 ParOldGen       total 29184K, used 18152K [0x00000006c3600000, 0x00000006c5280000, 0x000000076bd00000)
  object space 29184K, 62% used [0x00000006c3600000,0x00000006c47ba2d0,0x00000006c5280000)
 Metaspace       used 10065K, capacity 10452K, committed 10624K, reserved 1058816K
  class space    used 1001K, capacity 1040K, committed 1152K, reserved 1048576K
}
Event: 2.578 GC heap before
{Heap before GC invocations=20 (full 2):
 PSYoungGen      total 36864K, used 31873K [0x000000076bd00000, 0x000000076fc00000, 0x00000007c0000000)
  eden space 14336K, 100% used [0x000000076bd00000,0x000000076cb00000,0x000000076cb00000)
  from space 22528K, 77% used [0x000000076cb00000,0x000000076dc20698,0x000000076e100000)
  to   space 24576K, 0% used [0x000000076e400000,0x000000076e400000,0x000000076fc00000)
 ParOldGen       total 29184K, used 18152K [0x00000006c3600000, 0x00000006c5280000, 0x000000076bd00000)
  object space 29184K, 62% used [0x00000006c3600000,0x00000006c47ba2d0,0x00000006c5280000)
 Metaspace       used 10318K, capacity 10676K, committed 10880K, reserved 1058816K
  class space    used 1041K, capacity 1072K, committed 1152K, reserved 1048576K
Event: 2.585 GC heap after
Heap after GC invocations=20 (full 2):
 PSYoungGen      total 37888K, used 18699K [0x000000076bd00000, 0x0000000770000000, 0x00000007c0000000)
  eden space 13312K, 0% used [0x000000076bd00000,0x000000076bd00000,0x000000076ca00000)
  from space 24576K, 76% used [0x000000076e400000,0x000000076f642dd8,0x000000076fc00000)
  to   space 26624K, 0% used [0x000000076ca00000,0x000000076ca00000,0x000000076e400000)
 ParOldGen       total 29184K, used 18160K [0x00000006c3600000, 0x00000006c5280000, 0x000000076bd00000)
  object space 29184K, 62% used [0x00000006c3600000,0x00000006c47bc2d0,0x00000006c5280000)
 Metaspace       used 10318K, capacity 10676K, committed 10880K, reserved 1058816K
  class space    used 1041K, capacity 1072K, committed 1152K, reserved 1048576K
}

