# JRE version: OpenJDK Runtime Environment (8.0) (build 1.8.0-25-microsoft-b00)
# Java VM: OpenJDK 64-Bit Server VM (25.71-b00 mixed mode windows-amd64 compressed oops)
Heap:
 PSYoungGen      total 28160K, used 14707K [0x000000076bd00000, 0x000000076eb00000, 0x00000007c0000000)
  eden space 14848K, 11% used [0x000000076bd00000,0x000000076bebd218,0x000000076cb80000)
  from space 13312K, 97% used [0x000000076da80000,0x000000076e71fd10,0x000000076e780000)
  to   space 15360K, 0% used [0x000000076cb80000,0x000000076cb80000,0x000000076da80000)
 ParOldGen       total 29184K, used 18118K [0x00000006c3600000, 0x00000006c5280000, 0x000000076bd00000)
  object space 29184K, 62% used [0x00000006c3600000,0x00000006c47b19f0,0x00000006c5280000)
 Metaspace       used 9337K, capacity 9812K, committed 10112K, reserved 1058816K
  class space    used 1003K, capacity 1040K, committed 1152K, reserved 1048576K
GC Heap History (10 events):
Event: 0.676 GC heap before
{Heap before GC invocations=10 (full 1):
 PSYoungGen      total 18432K, used 18052K [0x000000076bd00000, 0x000000076dd00000, 0x00000007c0000000)
  eden space 15360K, 100% used [0x000000076bd00000,0x000000076cc00000,0x000000076cc00000)
  from space 3072K, 87% used [0x000000076da00000,0x000000076dca1340,0x000000076dd00000)
  to   space 6144K, 0% used [0x000000076d100000,0x000000076d100000,0x000000076d700000)
 ParOldGen       total 15872K, used 8935K [0x00000006c3600000, 0x00000006c4580000, 0x000000076bd00000)
  object space 15872K, 56% used [0x00000006c3600000,0x00000006c3eb9de8,0x00000006c4580000)
 Metaspace       used 7594K, capacity 8404K, committed 8704K, reserved 1056768K
  class space    used 870K, capacity 912K, committed 1024K, reserved 1048576K
Event: 0.678 GC heap after
Heap after GC invocations=10 (full 1):
 PSYoungGen      total 24576K, used 6132K [0x000000076bd00000, 0x000000076de00000, 0x00000007c0000000)
  eden space 18432K, 0% used [0x000000076bd00000,0x000000076bd00000,0x000000076cf00000)
  from space 6144K, 99% used [0x000000076d100000,0x000000076d6fd0d8,0x000000076d700000)
  to   space 7168K, 0% used [0x000000076d700000,0x000000076d700000,0x000000076de00000)
 ParOldGen       total 15872K, used 10791K [0x00000006c3600000, 0x00000006c4580000, 0x000000076bd00000)
  object space 15872K, 67% used [0x00000006c3600000,0x00000006c4089de8,0x00000006c4580000)
 Metaspace       used 7594K, capacity 8404K, committed 8704K, reserved 1056768K
  class space    used 870K, capacity 912K, committed 1024K, reserved 1048576K
}
Event: 0.749 GC heap before
{Heap before GC invocations=11 (full 1):
 PSYoungGen      total 24576K, used 24564K [0x000000076bd00000, 0x000000076de00000, 0x00000007c0000000)
  eden space 18432K, 100% used [0x000000076bd00000,0x000000076cf00000,0x000000076cf00000)
  from space 6144K, 99% used [0x000000076d100000,0x000000076d6fd0d8,0x000000076d700000)
  to   space 7168K, 0% used [0x000000076d700000,0x000000076d700000,0x000000076de00000)
 ParOldGen       total 15872K, used 10791K [0x00000006c3600000, 0x00000006c4580000, 0x000000076bd00000)
  object space 15872K, 67% used [0x00000006c3600000,0x00000006c4089de8,0x00000006c4580000)
 Metaspace       used 7864K, capacity 8660K, committed 8960K, reserved 1056768K
  class space    used 883K, capacity 912K, committed 1024K, reserved 1048576K
Event: 0.754 GC heap after
Heap after GC invocations=11 (full 1):
 PSYoungGen      total 22016K, used 7156K [0x000000076bd00000, 0x000000076ea00000, 0x00000007c0000000)
  eden space 14848K, 0% used [0x000000076bd00000,0x000000076bd00000,0x000000076cb80000)
  from space 7168K, 99% used [0x000000076d700000,0x000000076ddfd320,0x000000076de00000)
  to   space 11776K, 0% used [0x000000076cb80000,0x000000076cb80000,0x000000076d700000)
 ParOldGen       total 18432K, used 17803K [0x00000006c3600000, 0x00000006c4800000, 0x000000076bd00000)
  object space 18432K, 96% used [0x00000006c3600000,0x00000006c4762f30,0x00000006c4800000)
 Metaspace       used 7864K, capacity 8660K, committed 8960K, reserved 1056768K
  class space    used 883K, capacity 912K, committed 1024K, reserved 1048576K
}
Event: 0.754 GC heap before
{Heap before GC invocations=12 (full 2):
 PSYoungGen      total 22016K, used 7156K [0x000000076bd00000, 0x000000076ea00000, 0x00000007c0000000)
  eden space 14848K, 0% used [0x000000076bd00000,0x000000076bd00000,0x000000076cb80000)
  from space 7168K, 99% used [0x000000076d700000,0x000000076ddfd320,0x000000076de00000)
  to   space 11776K, 0% used [0x000000076cb80000,0x000000076cb80000,0x000000076d700000)
 ParOldGen       total 18432K, used 17803K [0x00000006c3600000, 0x00000006c4800000, 0x000000076bd00000)
  object space 18432K, 96% used [0x00000006c3600000,0x00000006c4762f30,0x00000006c4800000)
 Metaspace       used 7864K, capacity 8660K, committed 8960K, reserved 1056768K
  class space    used 883K, capacity 912K, committed 1024K, reserved 1048576K
Event: 0.836 GC heap after
Heap after GC invocations=12 (full 2):
 PSYoungGen      total 22016K, used 4569K [0x000000076bd00000, 0x000000076ea00000, 0x00000007c0000000)
  eden space 14848K, 0% used [0x000000076bd00000,0x000000076bd00000,0x000000076cb80000)
  from space 7168K, 63% used [0x000000076d700000,0x000000076db76688,0x000000076de00000)
  to   space 11776K, 0% used [0x000000076cb80000,0x000000076cb80000,0x000000076d700000)
 ParOldGen       total 29184K, used 18030K [0x00000006c3600000, 0x00000006c5280000, 0x000000076bd00000)
  object space 29184K, 61% used [0x00000006c3600000,0x00000006c479b9f0,0x00000006c5280000)
 Metaspace       used 7864K, capacity 8660K, committed 8960K, reserved 1056768K
  class space    used 883K, capacity 912K, committed 1024K, reserved 1048576K
}
Event: 0.944 GC heap before
{Heap before GC invocations=13 (full 2):
 PSYoungGen      total 22016K, used 19417K [0x000000076bd00000, 0x000000076ea00000, 0x00000007c0000000)
  eden space 14848K, 100% used [0x000000076bd00000,0x000000076cb80000,0x000000076cb80000)
  from space 7168K, 63% used [0x000000076d700000,0x000000076db76688,0x000000076de00000)
  to   space 11776K, 0% used [0x000000076cb80000,0x000000076cb80000,0x000000076d700000)
 ParOldGen       total 29184K, used 18030K [0x00000006c3600000, 0x00000006c5280000, 0x000000076bd00000)
  object space 29184K, 61% used [0x00000006c3600000,0x00000006c479b9f0,0x00000006c5280000)
 Metaspace       used 8048K, capacity 8852K, committed 9216K, reserved 1056768K
  class space    used 884K, capacity 912K, committed 1024K, reserved 1048576K
Event: 0.948 GC heap after
Heap after GC invocations=13 (full 2):
 PSYoungGen      total 26624K, used 10165K [0x000000076bd00000, 0x000000076e780000, 0x00000007c0000000)
  eden space 14848K, 0% used [0x000000076bd00000,0x000000076bd00000,0x000000076cb80000)
  from space 11776K, 86% used [0x000000076cb80000,0x000000076d56d538,0x000000076d700000)
  to   space 13312K, 0% used [0x000000076da80000,0x000000076da80000,0x000000076e780000)
 ParOldGen       total 29184K, used 18110K [0x00000006c3600000, 0x00000006c5280000, 0x000000076bd00000)
  object space 29184K, 62% used [0x00000006c3600000,0x00000006c47af9f0,0x00000006c5280000)
 Metaspace       used 8048K, capacity 8852K, committed 9216K, reserved 1056768K
  class space    used 884K, capacity 912K, committed 1024K, reserved 1048576K
}
Event: 1.197 GC heap before
{Heap before GC invocations=14 (full 2):
 PSYoungGen      total 26624K, used 25013K [0x000000076bd00000, 0x000000076e780000, 0x00000007c0000000)
  eden space 14848K, 100% used [0x000000076bd00000,0x000000076cb80000,0x000000076cb80000)
  from space 11776K, 86% used [0x000000076cb80000,0x000000076d56d538,0x000000076d700000)
  to   space 13312K, 0% used [0x000000076da80000,0x000000076da80000,0x000000076e780000)
 ParOldGen       total 29184K, used 18110K [0x00000006c3600000, 0x00000006c5280000, 0x000000076bd00000)
  object space 29184K, 62% used [0x00000006c3600000,0x00000006c47af9f0,0x00000006c5280000)
 Metaspace       used 9297K, capacity 9812K, committed 10112K, reserved 1058816K
  class space    used 1003K, capacity 1040K, committed 1152K, reserved 1048576K
Event: 1.202 GC heap after
Heap after GC invocations=14 (full 2):
 PSYoungGen      total 28160K, used 12927K [0x000000076bd00000, 0x000000076eb00000, 0x00000007c0000000)
  eden space 14848K, 0% used [0x000000076bd00000,0x000000076bd00000,0x000000076cb80000)
  from space 13312K, 97% used [0x000000076da80000,0x000000076e71fd10,0x000000076e780000)
  to   space 15360K, 0% used [0x000000076cb80000,0x000000076cb80000,0x000000076da80000)
 ParOldGen       total 29184K, used 18118K [0x00000006c3600000, 0x00000006c5280000, 0x000000076bd00000)
  object space 29184K, 62% used [0x00000006c3600000,0x00000006c47b19f0,0x00000006c5280000)
 Metaspace       used 9297K, capacity 9812K, committed 10112K, reserved 1058816K
  class space    used 1003K, capacity 1040K, committed 1152K, reserved 1048576K
}

